
ROM used: 14382 (45%)
          14382 (45%) including unused fragments

          2 Average locations per line
          7 Average locations per statement

RAM used: 848 (56%) at main() level
          876 (57%) worst case

Stack used: 7 worst case (out of 30 total available)

Lines Stmts  %   Files
----- ----- ---  -----
  491   297  15  tm3.c
   62     0   0  tm3.h
  466     0   0  ..\..\..\Program Files (x86)\PICC\devices\18F4520.h
 1273   359  18  ..\..\..\Program Files (x86)\PICC\drivers\stdlib.h
   32     0   0  ..\..\..\Program Files (x86)\PICC\drivers\stddef.h
  409   121   6  ..\..\..\Program Files (x86)\PICC\drivers\string.h
   28     0   0  ..\..\..\Program Files (x86)\PICC\drivers\ctype.h
   17     0   0  ee_var.h
 2582     0   0  font_6x8r.h
  486   271  13  graph_lcd.h
 1041   996  49  modbus_isr.h
----- -----
 6887  2044 Total

Page ROM  %  RAM   Vol Diff  Functions:
---- --- --- ---   --- ----  ----------
0     50   0   1             @delay_ms1
0     34   0   5             @MUL1616
0   2062   7   0             @const339
0     52   0   1   258  2.3  GetStatusLCD
0     42   0   2   200  2.7  SetCommandLCD
0     46   0   2   223  2.7  SetDataLCD
0    166   1   3   664  3.4  SetData2LCD
0    202   1   3  1004  3.4  SetAddrLCD
0    146   1   3   204  3.6  CharTableLoad
0    136   0   8   216  4.0  PrintXY
0     62   0   2   167  3.1  ClrTxt
0    120   0   2   211  4.1  ClrGrph
0     80   0   2   236  2.7  SetRelay
0    152   1   0   868  2.4  InitMcu
0    230   1   4   307  2.8  BURead
0    362   1   1   575  2.4  BUWrite
0     60   0   3   158  1.8  SetAoutRange0
0     60   0   3   158  1.8  SetAoutRange1
0     70   0   3   197  2.7  SetOutDac0
0     70   0   3   197  2.7  SetOutDac1
0    204   1   4   784  8.2  KeyScan
0    272   1   0             @const483
0    272   1   0             @const485
0     34   0   1             @PUTCHAR_BIU_1
0     12   0   0    22  1.2  RsInit
0     98   0   2   169  3.6  Incoming
0    150   1  13             @DIV3232
0     88   0   7   345  6.2  ModbusCRC
0   3134  11   3 14848  7.5  AddRegData
0   1148   4   3  4972  7.9  SetRegData
0   1926   7   6 11458 13.4  Reaction
0   2240   8   3  2106  5.4  MAIN
0     20   0   0             @const533
0     32   0   1             @SPRINTF
0     32   0   2             @PSTRINGC_535
0     10   0   0             @const538
0     70   0   2             @PRINTF_X_535
0      6   0   0             @const544
0    190   1   9             @PRINTF_LU_535
0     12   0   0             @const548
0     12   0   0             @const549
0     22   0   0             @const550
0     14   0   0             @const551

Program metrics:
    Functions               25
    Statements              2044
    Comments                4361
    Volume (V)              56964
    Difficilty (D)          104.3
    Effort to implement (E) 5942751
    Time to implement (T)   91 hours, 43 minutes
    Est Delivered Bugs (B)  11
    Cyclomatic Complexity   180
    Maintainability (MI)    108

 Segment     Used  Free
-----------  ----  ----
00000-00002     4  0  
00004-00006     0  4  
00008-000B8   178  0  
000BA-07CBE  14200  17550  



